Analysis & Synthesis report for zeroto59minutes
Thu Oct 27 22:51:35 2022
Quartus Prime Version 20.1.1 Build 720 11/11/2020 SJ Lite Edition


---------------------
; Table of Contents ;
---------------------
  1. Legal Notice
  2. Analysis & Synthesis Summary
  3. Analysis & Synthesis Settings
  4. Parallel Compilation
  5. Analysis & Synthesis Source Files Read
  6. Analysis & Synthesis Resource Usage Summary
  7. Analysis & Synthesis Resource Utilization by Entity
  8. User-Specified and Inferred Latches
  9. General Register Statistics
 10. Multiplexer Restructuring Statistics (Restructuring Performed)
 11. Parameter Settings for User Entity Instance: OnOffSwitch:OnOffSwitch_inst|oneHzclock:oneHzclock_inst|divideXN:div5
 12. Parameter Settings for User Entity Instance: OnOffSwitch:OnOffSwitch_inst|oneHzclock:oneHzclock_inst|divideXN:div10
 13. Parameter Settings for User Entity Instance: OnOffSwitch:OnOffSwitch_inst|oneHzclock:oneHzclock_inst|divideXN:div1000L
 14. Parameter Settings for User Entity Instance: OnOffSwitch:OnOffSwitch_inst|oneHzclock:oneHzclock_inst|divideXN:div1000H
 15. Parameter Settings for User Entity Instance: OnOffSwitch:OnOffSwitch_inst|OnOffToggle:OnOffToggle_inst
 16. Parameter Settings for User Entity Instance: divideXN:divideXN_inst1
 17. Parameter Settings for User Entity Instance: divideXN:divideXN_inst2
 18. Parameter Settings for User Entity Instance: divideXN:divideXN_inst3
 19. Parameter Settings for User Entity Instance: divideXN:divideXN_inst4
 20. Port Connectivity Checks: "divideXN:divideXN_inst4"
 21. Port Connectivity Checks: "OnOffSwitch:OnOffSwitch_inst|oneHzclock:oneHzclock_inst|divideXN:div1000H"
 22. Port Connectivity Checks: "OnOffSwitch:OnOffSwitch_inst|oneHzclock:oneHzclock_inst|divideXN:div1000L"
 23. Port Connectivity Checks: "OnOffSwitch:OnOffSwitch_inst|oneHzclock:oneHzclock_inst|divideXN:div10"
 24. Port Connectivity Checks: "OnOffSwitch:OnOffSwitch_inst|oneHzclock:oneHzclock_inst|divideXN:div5"
 25. Post-Synthesis Netlist Statistics for Top Partition
 26. Elapsed Time Per Partition
 27. Analysis & Synthesis Messages



----------------
; Legal Notice ;
----------------
Copyright (C) 2020  Intel Corporation. All rights reserved.
Your use of Intel Corporation's design tools, logic functions 
and other software and tools, and any partner logic 
functions, and any output files from any of the foregoing 
(including device programming or simulation files), and any 
associated documentation or information are expressly subject 
to the terms and conditions of the Intel Program License 
Subscription Agreement, the Intel Quartus Prime License Agreement,
the Intel FPGA IP License Agreement, or other applicable license
agreement, including, without limitation, that your use is for
the sole purpose of programming logic devices manufactured by
Intel and sold by Intel or its authorized distributors.  Please
refer to the applicable agreement for further details, at
https://fpgasoftware.intel.com/eula.



+----------------------------------------------------------------------------------+
; Analysis & Synthesis Summary                                                     ;
+------------------------------------+---------------------------------------------+
; Analysis & Synthesis Status        ; Successful - Thu Oct 27 22:51:35 2022       ;
; Quartus Prime Version              ; 20.1.1 Build 720 11/11/2020 SJ Lite Edition ;
; Revision Name                      ; zeroto59minutes                             ;
; Top-level Entity Name              ; zeroto59minutes                             ;
; Family                             ; MAX 10                                      ;
; Total logic elements               ; 119                                         ;
;     Total combinational functions  ; 119                                         ;
;     Dedicated logic registers      ; 51                                          ;
; Total registers                    ; 51                                          ;
; Total pins                         ; 31                                          ;
; Total virtual pins                 ; 0                                           ;
; Total memory bits                  ; 0                                           ;
; Embedded Multiplier 9-bit elements ; 0                                           ;
; Total PLLs                         ; 0                                           ;
; UFM blocks                         ; 0                                           ;
; ADC blocks                         ; 0                                           ;
+------------------------------------+---------------------------------------------+


+------------------------------------------------------------------------------------------------------------+
; Analysis & Synthesis Settings                                                                              ;
+------------------------------------------------------------------+--------------------+--------------------+
; Option                                                           ; Setting            ; Default Value      ;
+------------------------------------------------------------------+--------------------+--------------------+
; Device                                                           ; 10M50DAF484C7G     ;                    ;
; Top-level entity name                                            ; zeroto59minutes    ; zeroto59minutes    ;
; Family name                                                      ; MAX 10             ; Cyclone V          ;
; Use smart compilation                                            ; Off                ; Off                ;
; Enable parallel Assembler and Timing Analyzer during compilation ; On                 ; On                 ;
; Enable compact report table                                      ; Off                ; Off                ;
; Restructure Multiplexers                                         ; Auto               ; Auto               ;
; Create Debugging Nodes for IP Cores                              ; Off                ; Off                ;
; Preserve fewer node names                                        ; On                 ; On                 ;
; Intel FPGA IP Evaluation Mode                                    ; Enable             ; Enable             ;
; Verilog Version                                                  ; Verilog_2001       ; Verilog_2001       ;
; VHDL Version                                                     ; VHDL_1993          ; VHDL_1993          ;
; State Machine Processing                                         ; Auto               ; Auto               ;
; Safe State Machine                                               ; Off                ; Off                ;
; Extract Verilog State Machines                                   ; On                 ; On                 ;
; Extract VHDL State Machines                                      ; On                 ; On                 ;
; Ignore Verilog initial constructs                                ; Off                ; Off                ;
; Iteration limit for constant Verilog loops                       ; 5000               ; 5000               ;
; Iteration limit for non-constant Verilog loops                   ; 250                ; 250                ;
; Add Pass-Through Logic to Inferred RAMs                          ; On                 ; On                 ;
; Infer RAMs from Raw Logic                                        ; On                 ; On                 ;
; Parallel Synthesis                                               ; On                 ; On                 ;
; DSP Block Balancing                                              ; Auto               ; Auto               ;
; NOT Gate Push-Back                                               ; On                 ; On                 ;
; Power-Up Don't Care                                              ; On                 ; On                 ;
; Remove Redundant Logic Cells                                     ; Off                ; Off                ;
; Remove Duplicate Registers                                       ; On                 ; On                 ;
; Ignore CARRY Buffers                                             ; Off                ; Off                ;
; Ignore CASCADE Buffers                                           ; Off                ; Off                ;
; Ignore GLOBAL Buffers                                            ; Off                ; Off                ;
; Ignore ROW GLOBAL Buffers                                        ; Off                ; Off                ;
; Ignore LCELL Buffers                                             ; Off                ; Off                ;
; Ignore SOFT Buffers                                              ; On                 ; On                 ;
; Limit AHDL Integers to 32 Bits                                   ; Off                ; Off                ;
; Optimization Technique                                           ; Balanced           ; Balanced           ;
; Carry Chain Length                                               ; 70                 ; 70                 ;
; Auto Carry Chains                                                ; On                 ; On                 ;
; Auto Open-Drain Pins                                             ; On                 ; On                 ;
; Perform WYSIWYG Primitive Resynthesis                            ; Off                ; Off                ;
; Auto ROM Replacement                                             ; On                 ; On                 ;
; Auto RAM Replacement                                             ; On                 ; On                 ;
; Auto DSP Block Replacement                                       ; On                 ; On                 ;
; Auto Shift Register Replacement                                  ; Auto               ; Auto               ;
; Allow Shift Register Merging across Hierarchies                  ; Auto               ; Auto               ;
; Auto Clock Enable Replacement                                    ; On                 ; On                 ;
; Strict RAM Replacement                                           ; Off                ; Off                ;
; Allow Synchronous Control Signals                                ; On                 ; On                 ;
; Force Use of Synchronous Clear Signals                           ; Off                ; Off                ;
; Auto RAM Block Balancing                                         ; On                 ; On                 ;
; Auto RAM to Logic Cell Conversion                                ; Off                ; Off                ;
; Auto Resource Sharing                                            ; Off                ; Off                ;
; Allow Any RAM Size For Recognition                               ; Off                ; Off                ;
; Allow Any ROM Size For Recognition                               ; Off                ; Off                ;
; Allow Any Shift Register Size For Recognition                    ; Off                ; Off                ;
; Use LogicLock Constraints during Resource Balancing              ; On                 ; On                 ;
; Ignore translate_off and synthesis_off directives                ; Off                ; Off                ;
; Timing-Driven Synthesis                                          ; On                 ; On                 ;
; Report Parameter Settings                                        ; On                 ; On                 ;
; Report Source Assignments                                        ; On                 ; On                 ;
; Report Connectivity Checks                                       ; On                 ; On                 ;
; Ignore Maximum Fan-Out Assignments                               ; Off                ; Off                ;
; Synchronization Register Chain Length                            ; 2                  ; 2                  ;
; Power Optimization During Synthesis                              ; Normal compilation ; Normal compilation ;
; HDL message level                                                ; Level2             ; Level2             ;
; Suppress Register Optimization Related Messages                  ; Off                ; Off                ;
; Number of Removed Registers Reported in Synthesis Report         ; 5000               ; 5000               ;
; Number of Swept Nodes Reported in Synthesis Report               ; 5000               ; 5000               ;
; Number of Inverted Registers Reported in Synthesis Report        ; 100                ; 100                ;
; Clock MUX Protection                                             ; On                 ; On                 ;
; Auto Gated Clock Conversion                                      ; Off                ; Off                ;
; Block Design Naming                                              ; Auto               ; Auto               ;
; SDC constraint protection                                        ; Off                ; Off                ;
; Synthesis Effort                                                 ; Auto               ; Auto               ;
; Shift Register Replacement - Allow Asynchronous Clear Signal     ; On                 ; On                 ;
; Pre-Mapping Resynthesis Optimization                             ; Off                ; Off                ;
; Analysis & Synthesis Message Level                               ; Medium             ; Medium             ;
; Disable Register Merging Across Hierarchies                      ; Auto               ; Auto               ;
; Resource Aware Inference For Block RAM                           ; On                 ; On                 ;
+------------------------------------------------------------------+--------------------+--------------------+


+------------------------------------------+
; Parallel Compilation                     ;
+----------------------------+-------------+
; Processors                 ; Number      ;
+----------------------------+-------------+
; Number detected on machine ; 20          ;
; Maximum allowed            ; 12          ;
;                            ;             ;
; Average used               ; 1.00        ;
; Maximum used               ; 12          ;
;                            ;             ;
; Usage by Processor         ; % Time Used ;
;     Processor 1            ; 100.0%      ;
;     Processor 2            ;   0.0%      ;
;     Processors 3-12        ;   0.0%      ;
+----------------------------+-------------+


+--------------------------------------------------------------------------------------------------------------------------------------------+
; Analysis & Synthesis Source Files Read                                                                                                     ;
+----------------------------------+-----------------+------------------------+----------------------------------------------------+---------+
; File Name with User-Entered Path ; Used in Netlist ; File Type              ; File Name with Absolute Path                       ; Library ;
+----------------------------------+-----------------+------------------------+----------------------------------------------------+---------+
; ../OnOffToggle/OnOffToggle.v     ; yes             ; User Verilog HDL File  ; E:/MyCSE2441Labs/LAB08/OnOffToggle/OnOffToggle.v   ;         ;
; ../Part02/OnOffSwitch.v          ; yes             ; User Verilog HDL File  ; E:/MyCSE2441Labs/LAB08/Part02/OnOffSwitch.v        ;         ;
; ../Part01/oneHzclock.v           ; yes             ; User Verilog HDL File  ; E:/MyCSE2441Labs/LAB08/Part01/oneHzclock.v         ;         ;
; ../Part00/divideXN.v             ; yes             ; User Verilog HDL File  ; E:/MyCSE2441Labs/LAB08/Part00/divideXN.v           ;         ;
; ../BinaryToNine/BinaryToNine.v   ; yes             ; User Verilog HDL File  ; E:/MyCSE2441Labs/LAB08/BinaryToNine/BinaryToNine.v ;         ;
; zeroto59minutes.v                ; yes             ; User Verilog HDL File  ; E:/MyCSE2441Labs/LAB08/Part04/zeroto59minutes.v    ;         ;
+----------------------------------+-----------------+------------------------+----------------------------------------------------+---------+


+---------------------------------------------------------------+
; Analysis & Synthesis Resource Usage Summary                   ;
+---------------------------------------------+-----------------+
; Resource                                    ; Usage           ;
+---------------------------------------------+-----------------+
; Estimated Total logic elements              ; 119             ;
;                                             ;                 ;
; Total combinational functions               ; 119             ;
; Logic element usage by number of LUT inputs ;                 ;
;     -- 4 input functions                    ; 50              ;
;     -- 3 input functions                    ; 40              ;
;     -- <=2 input functions                  ; 29              ;
;                                             ;                 ;
; Logic elements by mode                      ;                 ;
;     -- normal mode                          ; 101             ;
;     -- arithmetic mode                      ; 18              ;
;                                             ;                 ;
; Total registers                             ; 51              ;
;     -- Dedicated logic registers            ; 51              ;
;     -- I/O registers                        ; 0               ;
;                                             ;                 ;
; I/O pins                                    ; 31              ;
;                                             ;                 ;
; Embedded Multiplier 9-bit elements          ; 0               ;
;                                             ;                 ;
; Maximum fan-out node                        ; reset_sig~input ;
; Maximum fan-out                             ; 50              ;
; Total fan-out                               ; 619             ;
; Average fan-out                             ; 2.67            ;
+---------------------------------------------+-----------------+


+-------------------------------------------------------------------------------------------------------------------------------------------------------------------------------------------------------------------------------------------------------------------------------------------------------------------------+
; Analysis & Synthesis Resource Utilization by Entity                                                                                                                                                                                                                                                                     ;
+--------------------------------------+---------------------+---------------------------+-------------+------------+--------------+---------+-----------+------+--------------+------------+--------------------------------------------------------------------------------------------+-----------------+--------------+
; Compilation Hierarchy Node           ; Combinational ALUTs ; Dedicated Logic Registers ; Memory Bits ; UFM Blocks ; DSP Elements ; DSP 9x9 ; DSP 18x18 ; Pins ; Virtual Pins ; ADC blocks ; Full Hierarchy Name                                                                        ; Entity Name     ; Library Name ;
+--------------------------------------+---------------------+---------------------------+-------------+------------+--------------+---------+-----------+------+--------------+------------+--------------------------------------------------------------------------------------------+-----------------+--------------+
; |zeroto59minutes                     ; 119 (1)             ; 51 (0)                    ; 0           ; 0          ; 0            ; 0       ; 0         ; 31   ; 0            ; 0          ; |zeroto59minutes                                                                           ; zeroto59minutes ; work         ;
;    |BinaryToNine:BinaryToNine_inst1| ; 15 (15)             ; 0 (0)                     ; 0           ; 0          ; 0            ; 0       ; 0         ; 0    ; 0            ; 0          ; |zeroto59minutes|BinaryToNine:BinaryToNine_inst1                                           ; BinaryToNine    ; work         ;
;    |BinaryToNine:BinaryToNine_inst2| ; 15 (15)             ; 0 (0)                     ; 0           ; 0          ; 0            ; 0       ; 0         ; 0    ; 0            ; 0          ; |zeroto59minutes|BinaryToNine:BinaryToNine_inst2                                           ; BinaryToNine    ; work         ;
;    |BinaryToNine:BinaryToNine_inst3| ; 15 (15)             ; 0 (0)                     ; 0           ; 0          ; 0            ; 0       ; 0         ; 0    ; 0            ; 0          ; |zeroto59minutes|BinaryToNine:BinaryToNine_inst3                                           ; BinaryToNine    ; work         ;
;    |BinaryToNine:BinaryToNine_inst4| ; 15 (15)             ; 0 (0)                     ; 0           ; 0          ; 0            ; 0       ; 0         ; 0    ; 0            ; 0          ; |zeroto59minutes|BinaryToNine:BinaryToNine_inst4                                           ; BinaryToNine    ; work         ;
;    |OnOffSwitch:OnOffSwitch_inst|    ; 39 (0)              ; 32 (0)                    ; 0           ; 0          ; 0            ; 0       ; 0         ; 0    ; 0            ; 0          ; |zeroto59minutes|OnOffSwitch:OnOffSwitch_inst                                              ; OnOffSwitch     ; work         ;
;       |OnOffToggle:OnOffToggle_inst| ; 2 (2)               ; 1 (1)                     ; 0           ; 0          ; 0            ; 0       ; 0         ; 0    ; 0            ; 0          ; |zeroto59minutes|OnOffSwitch:OnOffSwitch_inst|OnOffToggle:OnOffToggle_inst                 ; OnOffToggle     ; work         ;
;       |oneHzclock:oneHzclock_inst|   ; 37 (0)              ; 31 (0)                    ; 0           ; 0          ; 0            ; 0       ; 0         ; 0    ; 0            ; 0          ; |zeroto59minutes|OnOffSwitch:OnOffSwitch_inst|oneHzclock:oneHzclock_inst                   ; oneHzclock      ; work         ;
;          |divideXN:div1000H|         ; 14 (14)             ; 11 (11)                   ; 0           ; 0          ; 0            ; 0       ; 0         ; 0    ; 0            ; 0          ; |zeroto59minutes|OnOffSwitch:OnOffSwitch_inst|oneHzclock:oneHzclock_inst|divideXN:div1000H ; divideXN        ; work         ;
;          |divideXN:div1000L|         ; 14 (14)             ; 11 (11)                   ; 0           ; 0          ; 0            ; 0       ; 0         ; 0    ; 0            ; 0          ; |zeroto59minutes|OnOffSwitch:OnOffSwitch_inst|oneHzclock:oneHzclock_inst|divideXN:div1000L ; divideXN        ; work         ;
;          |divideXN:div10|            ; 5 (5)               ; 5 (5)                     ; 0           ; 0          ; 0            ; 0       ; 0         ; 0    ; 0            ; 0          ; |zeroto59minutes|OnOffSwitch:OnOffSwitch_inst|oneHzclock:oneHzclock_inst|divideXN:div10    ; divideXN        ; work         ;
;          |divideXN:div5|             ; 4 (4)               ; 4 (4)                     ; 0           ; 0          ; 0            ; 0       ; 0         ; 0    ; 0            ; 0          ; |zeroto59minutes|OnOffSwitch:OnOffSwitch_inst|oneHzclock:oneHzclock_inst|divideXN:div5     ; divideXN        ; work         ;
;    |divideXN:divideXN_inst1|         ; 5 (5)               ; 5 (5)                     ; 0           ; 0          ; 0            ; 0       ; 0         ; 0    ; 0            ; 0          ; |zeroto59minutes|divideXN:divideXN_inst1                                                   ; divideXN        ; work         ;
;    |divideXN:divideXN_inst2|         ; 5 (5)               ; 5 (5)                     ; 0           ; 0          ; 0            ; 0       ; 0         ; 0    ; 0            ; 0          ; |zeroto59minutes|divideXN:divideXN_inst2                                                   ; divideXN        ; work         ;
;    |divideXN:divideXN_inst3|         ; 5 (5)               ; 5 (5)                     ; 0           ; 0          ; 0            ; 0       ; 0         ; 0    ; 0            ; 0          ; |zeroto59minutes|divideXN:divideXN_inst3                                                   ; divideXN        ; work         ;
;    |divideXN:divideXN_inst4|         ; 4 (4)               ; 4 (4)                     ; 0           ; 0          ; 0            ; 0       ; 0         ; 0    ; 0            ; 0          ; |zeroto59minutes|divideXN:divideXN_inst4                                                   ; divideXN        ; work         ;
+--------------------------------------+---------------------+---------------------------+-------------+------------+--------------+---------+-----------+------+--------------+------------+--------------------------------------------------------------------------------------------+-----------------+--------------+
Note: For table entries with two numbers listed, the numbers in parentheses indicate the number of resources of the given type used by the specific entity alone. The numbers listed outside of parentheses indicate the total resources of the given type used by the specific entity and all of its sub-entities in the hierarchy.


+------------------------------------------------------------------------------------------------------------------------+
; User-Specified and Inferred Latches                                                                                    ;
+-----------------------------------------------------+-----------------------------------------+------------------------+
; Latch Name                                          ; Latch Enable Signal                     ; Free of Timing Hazards ;
+-----------------------------------------------------+-----------------------------------------+------------------------+
; BinaryToNine:BinaryToNine_inst1|a                   ; BinaryToNine:BinaryToNine_inst1|WideOr0 ; yes                    ;
; BinaryToNine:BinaryToNine_inst1|b                   ; BinaryToNine:BinaryToNine_inst1|WideOr0 ; yes                    ;
; BinaryToNine:BinaryToNine_inst1|c                   ; BinaryToNine:BinaryToNine_inst1|WideOr0 ; yes                    ;
; BinaryToNine:BinaryToNine_inst1|d                   ; BinaryToNine:BinaryToNine_inst1|WideOr0 ; yes                    ;
; BinaryToNine:BinaryToNine_inst1|e                   ; BinaryToNine:BinaryToNine_inst1|WideOr0 ; yes                    ;
; BinaryToNine:BinaryToNine_inst1|f                   ; BinaryToNine:BinaryToNine_inst1|WideOr0 ; yes                    ;
; BinaryToNine:BinaryToNine_inst1|g                   ; BinaryToNine:BinaryToNine_inst1|WideOr0 ; yes                    ;
; BinaryToNine:BinaryToNine_inst2|a                   ; BinaryToNine:BinaryToNine_inst2|WideOr0 ; yes                    ;
; BinaryToNine:BinaryToNine_inst2|b                   ; BinaryToNine:BinaryToNine_inst2|WideOr0 ; yes                    ;
; BinaryToNine:BinaryToNine_inst2|c                   ; BinaryToNine:BinaryToNine_inst2|WideOr0 ; yes                    ;
; BinaryToNine:BinaryToNine_inst2|d                   ; BinaryToNine:BinaryToNine_inst2|WideOr0 ; yes                    ;
; BinaryToNine:BinaryToNine_inst2|e                   ; BinaryToNine:BinaryToNine_inst2|WideOr0 ; yes                    ;
; BinaryToNine:BinaryToNine_inst2|f                   ; BinaryToNine:BinaryToNine_inst2|WideOr0 ; yes                    ;
; BinaryToNine:BinaryToNine_inst2|g                   ; BinaryToNine:BinaryToNine_inst2|WideOr0 ; yes                    ;
; BinaryToNine:BinaryToNine_inst3|a                   ; BinaryToNine:BinaryToNine_inst3|WideOr0 ; yes                    ;
; BinaryToNine:BinaryToNine_inst3|b                   ; BinaryToNine:BinaryToNine_inst3|WideOr0 ; yes                    ;
; BinaryToNine:BinaryToNine_inst3|c                   ; BinaryToNine:BinaryToNine_inst3|WideOr0 ; yes                    ;
; BinaryToNine:BinaryToNine_inst3|d                   ; BinaryToNine:BinaryToNine_inst3|WideOr0 ; yes                    ;
; BinaryToNine:BinaryToNine_inst3|e                   ; BinaryToNine:BinaryToNine_inst3|WideOr0 ; yes                    ;
; BinaryToNine:BinaryToNine_inst3|f                   ; BinaryToNine:BinaryToNine_inst3|WideOr0 ; yes                    ;
; BinaryToNine:BinaryToNine_inst3|g                   ; BinaryToNine:BinaryToNine_inst3|WideOr0 ; yes                    ;
; BinaryToNine:BinaryToNine_inst4|a                   ; BinaryToNine:BinaryToNine_inst4|WideOr0 ; yes                    ;
; BinaryToNine:BinaryToNine_inst4|b                   ; BinaryToNine:BinaryToNine_inst4|WideOr0 ; yes                    ;
; BinaryToNine:BinaryToNine_inst4|c                   ; BinaryToNine:BinaryToNine_inst4|WideOr0 ; yes                    ;
; BinaryToNine:BinaryToNine_inst4|d                   ; BinaryToNine:BinaryToNine_inst4|WideOr0 ; yes                    ;
; BinaryToNine:BinaryToNine_inst4|e                   ; BinaryToNine:BinaryToNine_inst4|WideOr0 ; yes                    ;
; BinaryToNine:BinaryToNine_inst4|f                   ; BinaryToNine:BinaryToNine_inst4|WideOr0 ; yes                    ;
; BinaryToNine:BinaryToNine_inst4|g                   ; BinaryToNine:BinaryToNine_inst4|WideOr0 ; yes                    ;
; Number of user-specified and inferred latches = 28  ;                                         ;                        ;
+-----------------------------------------------------+-----------------------------------------+------------------------+
Note: All latches listed above may not be present at the end of synthesis due to various synthesis optimizations.


+------------------------------------------------------+
; General Register Statistics                          ;
+----------------------------------------------+-------+
; Statistic                                    ; Value ;
+----------------------------------------------+-------+
; Total registers                              ; 51    ;
; Number of registers using Synchronous Clear  ; 0     ;
; Number of registers using Synchronous Load   ; 20    ;
; Number of registers using Asynchronous Clear ; 43    ;
; Number of registers using Asynchronous Load  ; 0     ;
; Number of registers using Clock Enable       ; 7     ;
; Number of registers using Preset             ; 0     ;
+----------------------------------------------+-------+


+-------------------------------------------------------------------------------------------------------------------------------------------------------------------------------------------------------------------+
; Multiplexer Restructuring Statistics (Restructuring Performed)                                                                                                                                                    ;
+--------------------+-----------+---------------+----------------------+------------------------+------------+-----------------------------------------------------------------------------------------------------+
; Multiplexer Inputs ; Bus Width ; Baseline Area ; Area if Restructured ; Saving if Restructured ; Registered ; Example Multiplexer Output                                                                          ;
+--------------------+-----------+---------------+----------------------+------------------------+------------+-----------------------------------------------------------------------------------------------------+
; 3:1                ; 4 bits    ; 8 LEs         ; 8 LEs                ; 0 LEs                  ; Yes        ; |zeroto59minutes|divideXN:divideXN_inst1|COUNT[3]                                                   ;
; 3:1                ; 4 bits    ; 8 LEs         ; 8 LEs                ; 0 LEs                  ; Yes        ; |zeroto59minutes|divideXN:divideXN_inst2|COUNT[3]                                                   ;
; 3:1                ; 4 bits    ; 8 LEs         ; 8 LEs                ; 0 LEs                  ; Yes        ; |zeroto59minutes|divideXN:divideXN_inst3|COUNT[3]                                                   ;
; 3:1                ; 4 bits    ; 8 LEs         ; 8 LEs                ; 0 LEs                  ; Yes        ; |zeroto59minutes|divideXN:divideXN_inst4|COUNT[3]                                                   ;
; 3:1                ; 10 bits   ; 20 LEs        ; 20 LEs               ; 0 LEs                  ; Yes        ; |zeroto59minutes|OnOffSwitch:OnOffSwitch_inst|oneHzclock:oneHzclock_inst|divideXN:div1000H|COUNT[9] ;
; 3:1                ; 10 bits   ; 20 LEs        ; 20 LEs               ; 0 LEs                  ; Yes        ; |zeroto59minutes|OnOffSwitch:OnOffSwitch_inst|oneHzclock:oneHzclock_inst|divideXN:div1000L|COUNT[9] ;
; 3:1                ; 4 bits    ; 8 LEs         ; 8 LEs                ; 0 LEs                  ; Yes        ; |zeroto59minutes|OnOffSwitch:OnOffSwitch_inst|oneHzclock:oneHzclock_inst|divideXN:div10|COUNT[3]    ;
; 3:1                ; 3 bits    ; 6 LEs         ; 6 LEs                ; 0 LEs                  ; Yes        ; |zeroto59minutes|OnOffSwitch:OnOffSwitch_inst|oneHzclock:oneHzclock_inst|divideXN:div5|COUNT[2]     ;
+--------------------+-----------+---------------+----------------------+------------------------+------------+-----------------------------------------------------------------------------------------------------+


+--------------------------------------------------------------------------------------------------------------------+
; Parameter Settings for User Entity Instance: OnOffSwitch:OnOffSwitch_inst|oneHzclock:oneHzclock_inst|divideXN:div5 ;
+----------------+-------+-------------------------------------------------------------------------------------------+
; Parameter Name ; Value ; Type                                                                                      ;
+----------------+-------+-------------------------------------------------------------------------------------------+
; N              ; 101   ; Unsigned Binary                                                                           ;
; M              ; 011   ; Unsigned Binary                                                                           ;
+----------------+-------+-------------------------------------------------------------------------------------------+
Note: In order to hide this table in the UI and the text report file, please set the "Show Parameter Settings in Synthesis Report" option in "Analysis and Synthesis Settings -> More Settings" to "Off".


+---------------------------------------------------------------------------------------------------------------------+
; Parameter Settings for User Entity Instance: OnOffSwitch:OnOffSwitch_inst|oneHzclock:oneHzclock_inst|divideXN:div10 ;
+----------------+-------+--------------------------------------------------------------------------------------------+
; Parameter Name ; Value ; Type                                                                                       ;
+----------------+-------+--------------------------------------------------------------------------------------------+
; N              ; 1010  ; Unsigned Binary                                                                            ;
; M              ; 0100  ; Unsigned Binary                                                                            ;
+----------------+-------+--------------------------------------------------------------------------------------------+
Note: In order to hide this table in the UI and the text report file, please set the "Show Parameter Settings in Synthesis Report" option in "Analysis and Synthesis Settings -> More Settings" to "Off".


+------------------------------------------------------------------------------------------------------------------------+
; Parameter Settings for User Entity Instance: OnOffSwitch:OnOffSwitch_inst|oneHzclock:oneHzclock_inst|divideXN:div1000L ;
+----------------+------------+------------------------------------------------------------------------------------------+
; Parameter Name ; Value      ; Type                                                                                     ;
+----------------+------------+------------------------------------------------------------------------------------------+
; N              ; 1111101000 ; Unsigned Binary                                                                          ;
; M              ; 1010       ; Unsigned Binary                                                                          ;
+----------------+------------+------------------------------------------------------------------------------------------+
Note: In order to hide this table in the UI and the text report file, please set the "Show Parameter Settings in Synthesis Report" option in "Analysis and Synthesis Settings -> More Settings" to "Off".


+------------------------------------------------------------------------------------------------------------------------+
; Parameter Settings for User Entity Instance: OnOffSwitch:OnOffSwitch_inst|oneHzclock:oneHzclock_inst|divideXN:div1000H ;
+----------------+------------+------------------------------------------------------------------------------------------+
; Parameter Name ; Value      ; Type                                                                                     ;
+----------------+------------+------------------------------------------------------------------------------------------+
; N              ; 1111101000 ; Unsigned Binary                                                                          ;
; M              ; 1010       ; Unsigned Binary                                                                          ;
+----------------+------------+------------------------------------------------------------------------------------------+
Note: In order to hide this table in the UI and the text report file, please set the "Show Parameter Settings in Synthesis Report" option in "Analysis and Synthesis Settings -> More Settings" to "Off".


+--------------------------------------------------------------------------------------------------------+
; Parameter Settings for User Entity Instance: OnOffSwitch:OnOffSwitch_inst|OnOffToggle:OnOffToggle_inst ;
+----------------+-------+-------------------------------------------------------------------------------+
; Parameter Name ; Value ; Type                                                                          ;
+----------------+-------+-------------------------------------------------------------------------------+
; ON             ; 1     ; Unsigned Binary                                                               ;
; OFF            ; 0     ; Unsigned Binary                                                               ;
+----------------+-------+-------------------------------------------------------------------------------+
Note: In order to hide this table in the UI and the text report file, please set the "Show Parameter Settings in Synthesis Report" option in "Analysis and Synthesis Settings -> More Settings" to "Off".


+----------------------------------------------------------------------+
; Parameter Settings for User Entity Instance: divideXN:divideXN_inst1 ;
+----------------+-------+---------------------------------------------+
; Parameter Name ; Value ; Type                                        ;
+----------------+-------+---------------------------------------------+
; N              ; 1010  ; Unsigned Binary                             ;
; M              ; 100   ; Unsigned Binary                             ;
+----------------+-------+---------------------------------------------+
Note: In order to hide this table in the UI and the text report file, please set the "Show Parameter Settings in Synthesis Report" option in "Analysis and Synthesis Settings -> More Settings" to "Off".


+----------------------------------------------------------------------+
; Parameter Settings for User Entity Instance: divideXN:divideXN_inst2 ;
+----------------+-------+---------------------------------------------+
; Parameter Name ; Value ; Type                                        ;
+----------------+-------+---------------------------------------------+
; N              ; 110   ; Unsigned Binary                             ;
; M              ; 100   ; Unsigned Binary                             ;
+----------------+-------+---------------------------------------------+
Note: In order to hide this table in the UI and the text report file, please set the "Show Parameter Settings in Synthesis Report" option in "Analysis and Synthesis Settings -> More Settings" to "Off".


+----------------------------------------------------------------------+
; Parameter Settings for User Entity Instance: divideXN:divideXN_inst3 ;
+----------------+-------+---------------------------------------------+
; Parameter Name ; Value ; Type                                        ;
+----------------+-------+---------------------------------------------+
; N              ; 1010  ; Unsigned Binary                             ;
; M              ; 100   ; Unsigned Binary                             ;
+----------------+-------+---------------------------------------------+
Note: In order to hide this table in the UI and the text report file, please set the "Show Parameter Settings in Synthesis Report" option in "Analysis and Synthesis Settings -> More Settings" to "Off".


+----------------------------------------------------------------------+
; Parameter Settings for User Entity Instance: divideXN:divideXN_inst4 ;
+----------------+-------+---------------------------------------------+
; Parameter Name ; Value ; Type                                        ;
+----------------+-------+---------------------------------------------+
; N              ; 110   ; Unsigned Binary                             ;
; M              ; 100   ; Unsigned Binary                             ;
+----------------+-------+---------------------------------------------+
Note: In order to hide this table in the UI and the text report file, please set the "Show Parameter Settings in Synthesis Report" option in "Analysis and Synthesis Settings -> More Settings" to "Off".


+----------------------------------------------------------------------------------------------------------------+
; Port Connectivity Checks: "divideXN:divideXN_inst4"                                                            ;
+------+--------+----------+-------------------------------------------------------------------------------------+
; Port ; Type   ; Severity ; Details                                                                             ;
+------+--------+----------+-------------------------------------------------------------------------------------+
; OUT  ; Output ; Info     ; Connected to dangling logic. Logic that only feeds a dangling port will be removed. ;
+------+--------+----------+-------------------------------------------------------------------------------------+


+-------------------------------------------------------------------------------------------------------------------------------------------------------+
; Port Connectivity Checks: "OnOffSwitch:OnOffSwitch_inst|oneHzclock:oneHzclock_inst|divideXN:div1000H"                                                 ;
+-------+--------+----------+---------------------------------------------------------------------------------------------------------------------------+
; Port  ; Type   ; Severity ; Details                                                                                                                   ;
+-------+--------+----------+---------------------------------------------------------------------------------------------------------------------------+
; COUNT ; Output ; Warning  ; Output or bidir port (10 bits) is wider than the port expression (1 bits) it drives; bit(s) "COUNT[9..1]" have no fanouts ;
+-------+--------+----------+---------------------------------------------------------------------------------------------------------------------------+


+-------------------------------------------------------------------------------------------------------------------------------------------------------+
; Port Connectivity Checks: "OnOffSwitch:OnOffSwitch_inst|oneHzclock:oneHzclock_inst|divideXN:div1000L"                                                 ;
+-------+--------+----------+---------------------------------------------------------------------------------------------------------------------------+
; Port  ; Type   ; Severity ; Details                                                                                                                   ;
+-------+--------+----------+---------------------------------------------------------------------------------------------------------------------------+
; COUNT ; Output ; Warning  ; Output or bidir port (10 bits) is wider than the port expression (1 bits) it drives; bit(s) "COUNT[9..1]" have no fanouts ;
+-------+--------+----------+---------------------------------------------------------------------------------------------------------------------------+


+------------------------------------------------------------------------------------------------------------------------------------------------------+
; Port Connectivity Checks: "OnOffSwitch:OnOffSwitch_inst|oneHzclock:oneHzclock_inst|divideXN:div10"                                                   ;
+-------+--------+----------+--------------------------------------------------------------------------------------------------------------------------+
; Port  ; Type   ; Severity ; Details                                                                                                                  ;
+-------+--------+----------+--------------------------------------------------------------------------------------------------------------------------+
; COUNT ; Output ; Warning  ; Output or bidir port (4 bits) is wider than the port expression (1 bits) it drives; bit(s) "COUNT[3..1]" have no fanouts ;
+-------+--------+----------+--------------------------------------------------------------------------------------------------------------------------+


+------------------------------------------------------------------------------------------------------------------------------------------------------+
; Port Connectivity Checks: "OnOffSwitch:OnOffSwitch_inst|oneHzclock:oneHzclock_inst|divideXN:div5"                                                    ;
+-------+--------+----------+--------------------------------------------------------------------------------------------------------------------------+
; Port  ; Type   ; Severity ; Details                                                                                                                  ;
+-------+--------+----------+--------------------------------------------------------------------------------------------------------------------------+
; COUNT ; Output ; Warning  ; Output or bidir port (3 bits) is wider than the port expression (1 bits) it drives; bit(s) "COUNT[2..1]" have no fanouts ;
; COUNT ; Output ; Info     ; Connected to dangling logic. Logic that only feeds a dangling port will be removed.                                      ;
+-------+--------+----------+--------------------------------------------------------------------------------------------------------------------------+


+-----------------------------------------------------+
; Post-Synthesis Netlist Statistics for Top Partition ;
+-----------------------+-----------------------------+
; Type                  ; Count                       ;
+-----------------------+-----------------------------+
; boundary_port         ; 31                          ;
; cycloneiii_ff         ; 51                          ;
;     CLR               ; 23                          ;
;     CLR SLD           ; 20                          ;
;     ENA               ; 7                           ;
;     plain             ; 1                           ;
; cycloneiii_lcell_comb ; 119                         ;
;     arith             ; 18                          ;
;         2 data inputs ; 18                          ;
;     normal            ; 101                         ;
;         0 data inputs ; 1                           ;
;         1 data inputs ; 8                           ;
;         2 data inputs ; 2                           ;
;         3 data inputs ; 40                          ;
;         4 data inputs ; 50                          ;
;                       ;                             ;
; Max LUT depth         ; 2.00                        ;
; Average LUT depth     ; 1.53                        ;
+-----------------------+-----------------------------+


+-------------------------------+
; Elapsed Time Per Partition    ;
+----------------+--------------+
; Partition Name ; Elapsed Time ;
+----------------+--------------+
; Top            ; 00:00:00     ;
+----------------+--------------+


+-------------------------------+
; Analysis & Synthesis Messages ;
+-------------------------------+
Info: *******************************************************************
Info: Running Quartus Prime Analysis & Synthesis
    Info: Version 20.1.1 Build 720 11/11/2020 SJ Lite Edition
    Info: Processing started: Thu Oct 27 22:51:28 2022
Info: Command: quartus_map --read_settings_files=on --write_settings_files=off zeroto59minutes -c zeroto59minutes
Warning (18236): Number of processors has not been specified which may cause overloading on shared machines.  Set the global assignment NUM_PARALLEL_PROCESSORS in your QSF to an appropriate value for best performance.
Info (20030): Parallel compilation is enabled and will use 12 of the 12 processors detected
Info (12021): Found 1 design units, including 1 entities, in source file /mycse2441labs/lab08/onofftoggle/onofftoggle.v
    Info (12023): Found entity 1: OnOffToggle File: E:/MyCSE2441Labs/LAB08/OnOffToggle/OnOffToggle.v Line: 1
Info (12021): Found 1 design units, including 1 entities, in source file /mycse2441labs/lab08/part02/onoffswitch.v
    Info (12023): Found entity 1: OnOffSwitch File: E:/MyCSE2441Labs/LAB08/Part02/OnOffSwitch.v Line: 1
Info (12021): Found 1 design units, including 1 entities, in source file /mycse2441labs/lab08/part01/onehzclock.v
    Info (12023): Found entity 1: oneHzclock File: E:/MyCSE2441Labs/LAB08/Part01/oneHzclock.v Line: 2
Info (12021): Found 1 design units, including 1 entities, in source file /mycse2441labs/lab08/part00/dividexn.v
    Info (12023): Found entity 1: divideXN File: E:/MyCSE2441Labs/LAB08/Part00/divideXN.v Line: 2
Info (12021): Found 1 design units, including 1 entities, in source file /mycse2441labs/lab08/binarytonine/binarytonine.v
    Info (12023): Found entity 1: BinaryToNine File: E:/MyCSE2441Labs/LAB08/BinaryToNine/BinaryToNine.v Line: 1
Info (12021): Found 1 design units, including 1 entities, in source file zeroto59minutes.v
    Info (12023): Found entity 1: zeroto59minutes File: E:/MyCSE2441Labs/LAB08/Part04/zeroto59minutes.v Line: 1
Warning (10236): Verilog HDL Implicit Net warning at oneHzclock.v(14): created implicit net for "count" File: E:/MyCSE2441Labs/LAB08/Part01/oneHzclock.v Line: 14
Info (12127): Elaborating entity "zeroto59minutes" for the top level hierarchy
Info (12128): Elaborating entity "OnOffSwitch" for hierarchy "OnOffSwitch:OnOffSwitch_inst" File: E:/MyCSE2441Labs/LAB08/Part04/zeroto59minutes.v Line: 16
Info (12128): Elaborating entity "oneHzclock" for hierarchy "OnOffSwitch:OnOffSwitch_inst|oneHzclock:oneHzclock_inst" File: E:/MyCSE2441Labs/LAB08/Part02/OnOffSwitch.v Line: 13
Info (12128): Elaborating entity "divideXN" for hierarchy "OnOffSwitch:OnOffSwitch_inst|oneHzclock:oneHzclock_inst|divideXN:div5" File: E:/MyCSE2441Labs/LAB08/Part01/oneHzclock.v Line: 15
Info (12128): Elaborating entity "divideXN" for hierarchy "OnOffSwitch:OnOffSwitch_inst|oneHzclock:oneHzclock_inst|divideXN:div10" File: E:/MyCSE2441Labs/LAB08/Part01/oneHzclock.v Line: 23
Info (12128): Elaborating entity "divideXN" for hierarchy "OnOffSwitch:OnOffSwitch_inst|oneHzclock:oneHzclock_inst|divideXN:div1000L" File: E:/MyCSE2441Labs/LAB08/Part01/oneHzclock.v Line: 31
Info (12128): Elaborating entity "OnOffToggle" for hierarchy "OnOffSwitch:OnOffSwitch_inst|OnOffToggle:OnOffToggle_inst" File: E:/MyCSE2441Labs/LAB08/Part02/OnOffSwitch.v Line: 20
Info (12128): Elaborating entity "divideXN" for hierarchy "divideXN:divideXN_inst1" File: E:/MyCSE2441Labs/LAB08/Part04/zeroto59minutes.v Line: 25
Info (12128): Elaborating entity "divideXN" for hierarchy "divideXN:divideXN_inst2" File: E:/MyCSE2441Labs/LAB08/Part04/zeroto59minutes.v Line: 34
Info (12128): Elaborating entity "BinaryToNine" for hierarchy "BinaryToNine:BinaryToNine_inst1" File: E:/MyCSE2441Labs/LAB08/Part04/zeroto59minutes.v Line: 50
Warning (10270): Verilog HDL Case Statement warning at BinaryToNine.v(7): incomplete case statement has no default case item File: E:/MyCSE2441Labs/LAB08/BinaryToNine/BinaryToNine.v Line: 7
Warning (10240): Verilog HDL Always Construct warning at BinaryToNine.v(6): inferring latch(es) for variable "a", which holds its previous value in one or more paths through the always construct File: E:/MyCSE2441Labs/LAB08/BinaryToNine/BinaryToNine.v Line: 6
Warning (10240): Verilog HDL Always Construct warning at BinaryToNine.v(6): inferring latch(es) for variable "b", which holds its previous value in one or more paths through the always construct File: E:/MyCSE2441Labs/LAB08/BinaryToNine/BinaryToNine.v Line: 6
Warning (10240): Verilog HDL Always Construct warning at BinaryToNine.v(6): inferring latch(es) for variable "c", which holds its previous value in one or more paths through the always construct File: E:/MyCSE2441Labs/LAB08/BinaryToNine/BinaryToNine.v Line: 6
Warning (10240): Verilog HDL Always Construct warning at BinaryToNine.v(6): inferring latch(es) for variable "d", which holds its previous value in one or more paths through the always construct File: E:/MyCSE2441Labs/LAB08/BinaryToNine/BinaryToNine.v Line: 6
Warning (10240): Verilog HDL Always Construct warning at BinaryToNine.v(6): inferring latch(es) for variable "e", which holds its previous value in one or more paths through the always construct File: E:/MyCSE2441Labs/LAB08/BinaryToNine/BinaryToNine.v Line: 6
Warning (10240): Verilog HDL Always Construct warning at BinaryToNine.v(6): inferring latch(es) for variable "f", which holds its previous value in one or more paths through the always construct File: E:/MyCSE2441Labs/LAB08/BinaryToNine/BinaryToNine.v Line: 6
Warning (10240): Verilog HDL Always Construct warning at BinaryToNine.v(6): inferring latch(es) for variable "g", which holds its previous value in one or more paths through the always construct File: E:/MyCSE2441Labs/LAB08/BinaryToNine/BinaryToNine.v Line: 6
Info (10041): Inferred latch for "g" at BinaryToNine.v(6) File: E:/MyCSE2441Labs/LAB08/BinaryToNine/BinaryToNine.v Line: 6
Info (10041): Inferred latch for "f" at BinaryToNine.v(6) File: E:/MyCSE2441Labs/LAB08/BinaryToNine/BinaryToNine.v Line: 6
Info (10041): Inferred latch for "e" at BinaryToNine.v(6) File: E:/MyCSE2441Labs/LAB08/BinaryToNine/BinaryToNine.v Line: 6
Info (10041): Inferred latch for "d" at BinaryToNine.v(6) File: E:/MyCSE2441Labs/LAB08/BinaryToNine/BinaryToNine.v Line: 6
Info (10041): Inferred latch for "c" at BinaryToNine.v(6) File: E:/MyCSE2441Labs/LAB08/BinaryToNine/BinaryToNine.v Line: 6
Info (10041): Inferred latch for "b" at BinaryToNine.v(6) File: E:/MyCSE2441Labs/LAB08/BinaryToNine/BinaryToNine.v Line: 6
Info (10041): Inferred latch for "a" at BinaryToNine.v(6) File: E:/MyCSE2441Labs/LAB08/BinaryToNine/BinaryToNine.v Line: 6
Warning (12241): 4 hierarchies have connectivity warnings - see the Connectivity Checks report folder
Warning (13012): Latch BinaryToNine:BinaryToNine_inst1|a has unsafe behavior File: E:/MyCSE2441Labs/LAB08/BinaryToNine/BinaryToNine.v Line: 4
    Warning (13013): Ports D and ENA on the latch are fed by the same signal divideXN:divideXN_inst1|COUNT[1] File: E:/MyCSE2441Labs/LAB08/Part00/divideXN.v Line: 12
Warning (13012): Latch BinaryToNine:BinaryToNine_inst1|b has unsafe behavior File: E:/MyCSE2441Labs/LAB08/BinaryToNine/BinaryToNine.v Line: 4
    Warning (13013): Ports D and ENA on the latch are fed by the same signal divideXN:divideXN_inst1|COUNT[1] File: E:/MyCSE2441Labs/LAB08/Part00/divideXN.v Line: 12
Warning (13012): Latch BinaryToNine:BinaryToNine_inst1|c has unsafe behavior File: E:/MyCSE2441Labs/LAB08/BinaryToNine/BinaryToNine.v Line: 4
    Warning (13013): Ports D and ENA on the latch are fed by the same signal divideXN:divideXN_inst1|COUNT[3] File: E:/MyCSE2441Labs/LAB08/Part00/divideXN.v Line: 12
Warning (13012): Latch BinaryToNine:BinaryToNine_inst1|d has unsafe behavior File: E:/MyCSE2441Labs/LAB08/BinaryToNine/BinaryToNine.v Line: 4
    Warning (13013): Ports D and ENA on the latch are fed by the same signal divideXN:divideXN_inst1|COUNT[1] File: E:/MyCSE2441Labs/LAB08/Part00/divideXN.v Line: 12
Warning (13012): Latch BinaryToNine:BinaryToNine_inst1|e has unsafe behavior File: E:/MyCSE2441Labs/LAB08/BinaryToNine/BinaryToNine.v Line: 4
    Warning (13013): Ports D and ENA on the latch are fed by the same signal divideXN:divideXN_inst1|COUNT[1] File: E:/MyCSE2441Labs/LAB08/Part00/divideXN.v Line: 12
Warning (13012): Latch BinaryToNine:BinaryToNine_inst1|f has unsafe behavior File: E:/MyCSE2441Labs/LAB08/BinaryToNine/BinaryToNine.v Line: 4
    Warning (13013): Ports D and ENA on the latch are fed by the same signal divideXN:divideXN_inst1|COUNT[1] File: E:/MyCSE2441Labs/LAB08/Part00/divideXN.v Line: 12
Warning (13012): Latch BinaryToNine:BinaryToNine_inst1|g has unsafe behavior File: E:/MyCSE2441Labs/LAB08/BinaryToNine/BinaryToNine.v Line: 5
    Warning (13013): Ports D and ENA on the latch are fed by the same signal divideXN:divideXN_inst1|COUNT[1] File: E:/MyCSE2441Labs/LAB08/Part00/divideXN.v Line: 12
Warning (13012): Latch BinaryToNine:BinaryToNine_inst2|a has unsafe behavior File: E:/MyCSE2441Labs/LAB08/BinaryToNine/BinaryToNine.v Line: 4
    Warning (13013): Ports D and ENA on the latch are fed by the same signal divideXN:divideXN_inst2|COUNT[1] File: E:/MyCSE2441Labs/LAB08/Part00/divideXN.v Line: 12
Warning (13012): Latch BinaryToNine:BinaryToNine_inst2|b has unsafe behavior File: E:/MyCSE2441Labs/LAB08/BinaryToNine/BinaryToNine.v Line: 4
    Warning (13013): Ports D and ENA on the latch are fed by the same signal divideXN:divideXN_inst2|COUNT[1] File: E:/MyCSE2441Labs/LAB08/Part00/divideXN.v Line: 12
Warning (13012): Latch BinaryToNine:BinaryToNine_inst2|c has unsafe behavior File: E:/MyCSE2441Labs/LAB08/BinaryToNine/BinaryToNine.v Line: 4
    Warning (13013): Ports D and ENA on the latch are fed by the same signal divideXN:divideXN_inst2|COUNT[3] File: E:/MyCSE2441Labs/LAB08/Part00/divideXN.v Line: 12
Warning (13012): Latch BinaryToNine:BinaryToNine_inst2|d has unsafe behavior File: E:/MyCSE2441Labs/LAB08/BinaryToNine/BinaryToNine.v Line: 4
    Warning (13013): Ports D and ENA on the latch are fed by the same signal divideXN:divideXN_inst2|COUNT[1] File: E:/MyCSE2441Labs/LAB08/Part00/divideXN.v Line: 12
Warning (13012): Latch BinaryToNine:BinaryToNine_inst2|e has unsafe behavior File: E:/MyCSE2441Labs/LAB08/BinaryToNine/BinaryToNine.v Line: 4
    Warning (13013): Ports D and ENA on the latch are fed by the same signal divideXN:divideXN_inst2|COUNT[1] File: E:/MyCSE2441Labs/LAB08/Part00/divideXN.v Line: 12
Warning (13012): Latch BinaryToNine:BinaryToNine_inst2|f has unsafe behavior File: E:/MyCSE2441Labs/LAB08/BinaryToNine/BinaryToNine.v Line: 4
    Warning (13013): Ports D and ENA on the latch are fed by the same signal divideXN:divideXN_inst2|COUNT[1] File: E:/MyCSE2441Labs/LAB08/Part00/divideXN.v Line: 12
Warning (13012): Latch BinaryToNine:BinaryToNine_inst2|g has unsafe behavior File: E:/MyCSE2441Labs/LAB08/BinaryToNine/BinaryToNine.v Line: 5
    Warning (13013): Ports D and ENA on the latch are fed by the same signal divideXN:divideXN_inst2|COUNT[1] File: E:/MyCSE2441Labs/LAB08/Part00/divideXN.v Line: 12
Warning (13012): Latch BinaryToNine:BinaryToNine_inst3|a has unsafe behavior File: E:/MyCSE2441Labs/LAB08/BinaryToNine/BinaryToNine.v Line: 4
    Warning (13013): Ports D and ENA on the latch are fed by the same signal divideXN:divideXN_inst3|COUNT[1] File: E:/MyCSE2441Labs/LAB08/Part00/divideXN.v Line: 12
Warning (13012): Latch BinaryToNine:BinaryToNine_inst3|b has unsafe behavior File: E:/MyCSE2441Labs/LAB08/BinaryToNine/BinaryToNine.v Line: 4
    Warning (13013): Ports D and ENA on the latch are fed by the same signal divideXN:divideXN_inst3|COUNT[1] File: E:/MyCSE2441Labs/LAB08/Part00/divideXN.v Line: 12
Warning (13012): Latch BinaryToNine:BinaryToNine_inst3|c has unsafe behavior File: E:/MyCSE2441Labs/LAB08/BinaryToNine/BinaryToNine.v Line: 4
    Warning (13013): Ports D and ENA on the latch are fed by the same signal divideXN:divideXN_inst3|COUNT[3] File: E:/MyCSE2441Labs/LAB08/Part00/divideXN.v Line: 12
Warning (13012): Latch BinaryToNine:BinaryToNine_inst3|d has unsafe behavior File: E:/MyCSE2441Labs/LAB08/BinaryToNine/BinaryToNine.v Line: 4
    Warning (13013): Ports D and ENA on the latch are fed by the same signal divideXN:divideXN_inst3|COUNT[1] File: E:/MyCSE2441Labs/LAB08/Part00/divideXN.v Line: 12
Warning (13012): Latch BinaryToNine:BinaryToNine_inst3|e has unsafe behavior File: E:/MyCSE2441Labs/LAB08/BinaryToNine/BinaryToNine.v Line: 4
    Warning (13013): Ports D and ENA on the latch are fed by the same signal divideXN:divideXN_inst3|COUNT[1] File: E:/MyCSE2441Labs/LAB08/Part00/divideXN.v Line: 12
Warning (13012): Latch BinaryToNine:BinaryToNine_inst3|f has unsafe behavior File: E:/MyCSE2441Labs/LAB08/BinaryToNine/BinaryToNine.v Line: 4
    Warning (13013): Ports D and ENA on the latch are fed by the same signal divideXN:divideXN_inst3|COUNT[1] File: E:/MyCSE2441Labs/LAB08/Part00/divideXN.v Line: 12
Warning (13012): Latch BinaryToNine:BinaryToNine_inst3|g has unsafe behavior File: E:/MyCSE2441Labs/LAB08/BinaryToNine/BinaryToNine.v Line: 5
    Warning (13013): Ports D and ENA on the latch are fed by the same signal divideXN:divideXN_inst3|COUNT[1] File: E:/MyCSE2441Labs/LAB08/Part00/divideXN.v Line: 12
Warning (13012): Latch BinaryToNine:BinaryToNine_inst4|a has unsafe behavior File: E:/MyCSE2441Labs/LAB08/BinaryToNine/BinaryToNine.v Line: 4
    Warning (13013): Ports D and ENA on the latch are fed by the same signal divideXN:divideXN_inst4|COUNT[1] File: E:/MyCSE2441Labs/LAB08/Part00/divideXN.v Line: 12
Warning (13012): Latch BinaryToNine:BinaryToNine_inst4|b has unsafe behavior File: E:/MyCSE2441Labs/LAB08/BinaryToNine/BinaryToNine.v Line: 4
    Warning (13013): Ports D and ENA on the latch are fed by the same signal divideXN:divideXN_inst4|COUNT[1] File: E:/MyCSE2441Labs/LAB08/Part00/divideXN.v Line: 12
Warning (13012): Latch BinaryToNine:BinaryToNine_inst4|c has unsafe behavior File: E:/MyCSE2441Labs/LAB08/BinaryToNine/BinaryToNine.v Line: 4
    Warning (13013): Ports D and ENA on the latch are fed by the same signal divideXN:divideXN_inst4|COUNT[3] File: E:/MyCSE2441Labs/LAB08/Part00/divideXN.v Line: 12
Warning (13012): Latch BinaryToNine:BinaryToNine_inst4|d has unsafe behavior File: E:/MyCSE2441Labs/LAB08/BinaryToNine/BinaryToNine.v Line: 4
    Warning (13013): Ports D and ENA on the latch are fed by the same signal divideXN:divideXN_inst4|COUNT[1] File: E:/MyCSE2441Labs/LAB08/Part00/divideXN.v Line: 12
Warning (13012): Latch BinaryToNine:BinaryToNine_inst4|e has unsafe behavior File: E:/MyCSE2441Labs/LAB08/BinaryToNine/BinaryToNine.v Line: 4
    Warning (13013): Ports D and ENA on the latch are fed by the same signal divideXN:divideXN_inst4|COUNT[1] File: E:/MyCSE2441Labs/LAB08/Part00/divideXN.v Line: 12
Warning (13012): Latch BinaryToNine:BinaryToNine_inst4|f has unsafe behavior File: E:/MyCSE2441Labs/LAB08/BinaryToNine/BinaryToNine.v Line: 4
    Warning (13013): Ports D and ENA on the latch are fed by the same signal divideXN:divideXN_inst4|COUNT[1] File: E:/MyCSE2441Labs/LAB08/Part00/divideXN.v Line: 12
Warning (13012): Latch BinaryToNine:BinaryToNine_inst4|g has unsafe behavior File: E:/MyCSE2441Labs/LAB08/BinaryToNine/BinaryToNine.v Line: 5
    Warning (13013): Ports D and ENA on the latch are fed by the same signal divideXN:divideXN_inst4|COUNT[1] File: E:/MyCSE2441Labs/LAB08/Part00/divideXN.v Line: 12
Info (286030): Timing-Driven Synthesis is running
Info (16010): Generating hard_block partition "hard_block:auto_generated_inst"
    Info (16011): Adding 0 node(s), including 0 DDIO, 0 PLL, 0 transceiver and 0 LCELL
Info (21057): Implemented 152 device resources after synthesis - the final resource count might be different
    Info (21058): Implemented 3 input pins
    Info (21059): Implemented 28 output pins
    Info (21061): Implemented 121 logic cells
Info: Quartus Prime Analysis & Synthesis was successful. 0 errors, 67 warnings
    Info: Peak virtual memory: 4820 megabytes
    Info: Processing ended: Thu Oct 27 22:51:35 2022
    Info: Elapsed time: 00:00:07
    Info: Total CPU time (on all processors): 00:00:11


